<?xml version="1.0" encoding="UTF-8"?>
<!-- Generated by org.testng.reporters.JUnitReportReporter -->
<testsuite skipped="0" hostname="LAPTOP-OCL8C2UD" name="Test1.Class1" tests="1" failures="0" timestamp="13 Mar 2022 09:30:08 GMT" time="0.007" errors="0">
  <testcase name="firsttest" time="0.007" classname="Test1.Class1"/>
</testsuite> <!-- Test1.Class1 -->
