<?xml version="1.0" encoding="UTF-8"?>
<!-- Generated by org.testng.reporters.JUnitReportReporter -->
<testsuite skipped="0" hostname="LAPTOP-OCL8C2UD" name="Test1.Class2" tests="1" failures="0" timestamp="13 Mar 2022 09:30:08 GMT" time="0.001" errors="0">
  <testcase name="secondtest" time="0.001" classname="Test1.Class2"/>
</testsuite> <!-- Test1.Class2 -->
